C:\Users\tugay\Documents\AudioInputOutputManager\AudioSessionManager\Release\AudioSessionManager.lib
C:\Users\tugay\Documents\AudioInputOutputManager\AudioSessionManager\Release\AudioSessionManager.exp
C:\USERS\TUGAY\DOCUMENTS\AUDIOINPUTOUTPUTMANAGER\AUDIOSESSIONMANAGER\AUDIOSESSIONMANAGER\RELEASE\AUDIOSESSIONMANAGER.OBJ
C:\USERS\TUGAY\DOCUMENTS\AUDIOINPUTOUTPUTMANAGER\AUDIOSESSIONMANAGER\AUDIOSESSIONMANAGER\RELEASE\VC110.PDB
C:\USERS\TUGAY\DOCUMENTS\AUDIOINPUTOUTPUTMANAGER\AUDIOSESSIONMANAGER\RELEASE\AUDIOSESSIONMANAGER.DLL
C:\USERS\TUGAY\DOCUMENTS\AUDIOINPUTOUTPUTMANAGER\AUDIOSESSIONMANAGER\RELEASE\AUDIOSESSIONMANAGER.PDB
C:\Users\telemed-Dell\Desktop\AudioInputOutputManager - Kopya - Kopya\AudioSessionManager\AudioSessionManager\Release\AudioSessionManager.obj
C:\Users\telemed-Dell\Desktop\AudioInputOutputManager - Kopya - Kopya\AudioSessionManager\AudioSessionManager\Release\AudioSessionManager.write.1.tlog
C:\Users\telemed-Dell\Desktop\AudioInputOutputManager - Kopya - Kopya\AudioSessionManager\AudioSessionManager\Release\cl.command.1.tlog
C:\Users\telemed-Dell\Desktop\AudioInputOutputManager - Kopya - Kopya\AudioSessionManager\AudioSessionManager\Release\CL.read.1.tlog
C:\Users\telemed-Dell\Desktop\AudioInputOutputManager - Kopya - Kopya\AudioSessionManager\AudioSessionManager\Release\CL.write.1.tlog
C:\Users\telemed-Dell\Desktop\AudioInputOutputManager - Kopya - Kopya\AudioSessionManager\AudioSessionManager\Release\link-cvtres.read.1.tlog
C:\Users\telemed-Dell\Desktop\AudioInputOutputManager - Kopya - Kopya\AudioSessionManager\AudioSessionManager\Release\link-cvtres.write.1.tlog
C:\Users\telemed-Dell\Desktop\AudioInputOutputManager - Kopya - Kopya\AudioSessionManager\AudioSessionManager\Release\link-rc.read.1.tlog
C:\Users\telemed-Dell\Desktop\AudioInputOutputManager - Kopya - Kopya\AudioSessionManager\AudioSessionManager\Release\link-rc.write.1.tlog
C:\Users\telemed-Dell\Desktop\AudioInputOutputManager - Kopya - Kopya\AudioSessionManager\AudioSessionManager\Release\link.command.1.tlog
C:\Users\telemed-Dell\Desktop\AudioInputOutputManager - Kopya - Kopya\AudioSessionManager\AudioSessionManager\Release\link.read.1.tlog
C:\Users\telemed-Dell\Desktop\AudioInputOutputManager - Kopya - Kopya\AudioSessionManager\AudioSessionManager\Release\link.write.1.tlog
C:\Users\telemed-Dell\Desktop\AudioInputOutputManager - Kopya - Kopya\AudioSessionManager\AudioSessionManager\Release\vc110.pdb
C:\Users\telemed-Dell\Desktop\AudioInputOutputManager - Kopya - Kopya\AudioSessionManager\Release\AudioSessionManager.pdb
C:\Users\telemed-Dell\Desktop\AudioInputOutputManager - Kopya - Kopya\AudioSessionManager\Release\AudioSessionManager.dll
