C:\Users\telemed\documents\visual studio 2012\Projects\AudioSessionManager\Debug\AudioSessionManager.lib
C:\Users\telemed\documents\visual studio 2012\Projects\AudioSessionManager\Debug\AudioSessionManager.exp
C:\USERS\TELEMED\DOCUMENTS\VISUAL STUDIO 2012\PROJECTS\AUDIOSESSIONMANAGER\AUDIOSESSIONMANAGER\DEBUG\AUDIOSESSIONMANAGER.OBJ
C:\USERS\TELEMED\DOCUMENTS\VISUAL STUDIO 2012\PROJECTS\AUDIOSESSIONMANAGER\AUDIOSESSIONMANAGER\DEBUG\VC110.PDB
C:\USERS\TELEMED\DOCUMENTS\VISUAL STUDIO 2012\PROJECTS\AUDIOSESSIONMANAGER\DEBUG\AUDIOSESSIONMANAGER.ILK
C:\USERS\TELEMED\DOCUMENTS\VISUAL STUDIO 2012\PROJECTS\AUDIOSESSIONMANAGER\DEBUG\AUDIOSESSIONMANAGER.DLL
C:\USERS\TELEMED\DOCUMENTS\VISUAL STUDIO 2012\PROJECTS\AUDIOSESSIONMANAGER\DEBUG\AUDIOSESSIONMANAGER.PDB
C:\Users\telemed\documents\visual studio 2012\Projects\AudioSessionManager\AudioSessionManager\Debug\AudioSessionManager.obj
C:\Users\telemed\documents\visual studio 2012\Projects\AudioSessionManager\AudioSessionManager\Debug\AudioSessionManager.write.1.tlog
C:\Users\telemed\documents\visual studio 2012\Projects\AudioSessionManager\AudioSessionManager\Debug\cl.command.1.tlog
C:\Users\telemed\documents\visual studio 2012\Projects\AudioSessionManager\AudioSessionManager\Debug\CL.read.1.tlog
C:\Users\telemed\documents\visual studio 2012\Projects\AudioSessionManager\AudioSessionManager\Debug\CL.write.1.tlog
C:\Users\telemed\documents\visual studio 2012\Projects\AudioSessionManager\AudioSessionManager\Debug\link-cvtres.read.1.tlog
C:\Users\telemed\documents\visual studio 2012\Projects\AudioSessionManager\AudioSessionManager\Debug\link-cvtres.write.1.tlog
C:\Users\telemed\documents\visual studio 2012\Projects\AudioSessionManager\AudioSessionManager\Debug\link-rc.read.1.tlog
C:\Users\telemed\documents\visual studio 2012\Projects\AudioSessionManager\AudioSessionManager\Debug\link-rc.write.1.tlog
C:\Users\telemed\documents\visual studio 2012\Projects\AudioSessionManager\AudioSessionManager\Debug\link.1352-cvtres.read.1.tlog
C:\Users\telemed\documents\visual studio 2012\Projects\AudioSessionManager\AudioSessionManager\Debug\link.1352-cvtres.write.1.tlog
C:\Users\telemed\documents\visual studio 2012\Projects\AudioSessionManager\AudioSessionManager\Debug\link.1352-rc.read.1.tlog
C:\Users\telemed\documents\visual studio 2012\Projects\AudioSessionManager\AudioSessionManager\Debug\link.1352-rc.write.1.tlog
C:\Users\telemed\documents\visual studio 2012\Projects\AudioSessionManager\AudioSessionManager\Debug\link.1352.read.1.tlog
C:\Users\telemed\documents\visual studio 2012\Projects\AudioSessionManager\AudioSessionManager\Debug\link.1352.write.1.tlog
C:\Users\telemed\documents\visual studio 2012\Projects\AudioSessionManager\AudioSessionManager\Debug\link.command.1.tlog
C:\Users\telemed\documents\visual studio 2012\Projects\AudioSessionManager\AudioSessionManager\Debug\link.read.1.tlog
C:\Users\telemed\documents\visual studio 2012\Projects\AudioSessionManager\AudioSessionManager\Debug\link.write.1.tlog
C:\Users\telemed\documents\visual studio 2012\Projects\AudioSessionManager\AudioSessionManager\Debug\vc110.idb
C:\Users\telemed\documents\visual studio 2012\Projects\AudioSessionManager\AudioSessionManager\Debug\vc110.pdb
C:\Users\telemed\documents\visual studio 2012\Projects\AudioSessionManager\Debug\AudioSessionManager.pdb
C:\Users\telemed\documents\visual studio 2012\Projects\AudioSessionManager\Debug\AudioSessionManager.dll
C:\Users\telemed\documents\visual studio 2012\Projects\AudioSessionManager\Debug\AudioSessionManager.ilk
